<?xml version="1.0" encoding="UTF-8"?>
<testsuite hostname="john-krausss-macbook-pro-15.local" name="net.microscraper.test.ScraperTest" tests="1" failures="1" timestamp="30 May 2011 16:00:40 GMT" time="0.554" errors="0">
  <testcase name="testSimpleGoogleScraper" time="0.521" classname="net.microscraper.test.ScraperTest">
    <failure type="java.lang.AssertionError" message="Missing invocation of:
void net.microscraper.client.interfaces.Publisher#publishResult(String, String, String, int, String, Integer)
with arguments: null, &amp;quot;&amp;quot;, &amp;quot;simple-google.json#&amp;quot;, 0, null, null
on mock instance: $Impl_Publisher@1a9d1b">
      <![CDATA[java.lang.AssertionError: Missing invocation of:
void net.microscraper.client.interfaces.Publisher#publishResult(String, String, String, int, String, Integer)
with arguments: null, "", "simple-google.json#", 0, null, null
on mock instance: $Impl_Publisher@1a9d1b
	at sun.reflect.NativeMethodAccessorImpl.invoke0(Native Method)
	at java.lang.reflect.Method.invoke(Method.java:597)
Caused by: Missing invocation
	at net.microscraper.test.ScraperTest$1.<init>(ScraperTest.java:72)
	at net.microscraper.test.ScraperTest.testSimpleGoogleScraper(ScraperTest.java:70)
	at sun.reflect.NativeMethodAccessorImpl.invoke0(Native Method)
	at java.lang.reflect.Method.invoke(Method.java:597)
	... 2 more
]]>
    </failure>
  </testcase>
</testsuite>
